[2020-09-29 19:51:04.060] ******Log initalized for NodePlanningEditor******



[2020-09-29 19:51:04.219] Checking if file config.cfg exists...
[2020-09-29 19:51:04.220] Config file exists
[2020-09-29 19:51:04.220] Checking if directory D:\Documents exists...
[2020-09-29 19:51:04.220] Directory saves\ exists
[2020-09-29 19:51:04.220] Checking if file D:\Documents\test1.dbs exists...
[2020-09-29 19:51:04.221] File exists
[2020-09-29 19:51:04.222] Start of loading scene...

[2020-09-29 19:51:04.222] Loaded Node: 
Pos:	x=557 y=677
Size:	width=472.5 height=294
Title:	Hello World
Info:	Hello World

[2020-09-29 19:51:04.222] Loaded Node: 
Pos:	x=81 y=367
Size:	width=472.5 height=294
Title:	Hello World
Info:	Hello World

[2020-09-29 19:51:04.223] Loaded Node: 
Pos:	x=914 y=271
Size:	width=472.5 height=294
Title:	Hello World
Info:	Hello World

[2020-09-29 19:51:04.223] 

[2020-09-29 19:51:04.224] Loaded Line: 
Start:	x=1138 y=276.25
End:	x=305 y=372.25

[2020-09-29 19:51:04.225] 


[2020-09-29 19:51:04.225] Finnished loading scene

[2020-09-29 19:51:06.233] Saved Node: 
Pos:	x=411.71 y=630.489
Size:	width=352.587 height=219.387
Title:	Hello World
Info:	Hello World

[2020-09-29 19:51:06.234] Saved Node: 
Pos:	x=61.8061 y=402.61
Size:	width=352.587 height=219.387
Title:	Hello World
Info:	Hello World

[2020-09-29 19:51:06.235] Saved Node: 
Pos:	x=674.138 y=332.041
Size:	width=352.587 height=219.387
Title:	Hello World
Info:	Hello World

[2020-09-29 19:51:06.235] 

[2020-09-29 19:51:06.236] Saved Line: 
Start:	x=841.29 y=335.959
End:	x=228.958 y=406.528

[2020-09-29 19:51:06.236] 


[2020-09-29 19:51:06.914]  ****** Log finnished for NodePlanningEditor ******
